<?xml version="1.0" encoding="UTF-8"?>
<!-- Generated by org.testng.reporters.JUnitReportReporter -->
<testsuite hostname="pc-osenenko" name="com.autotesting.framework.suits.IBLoginTest" tests="17" failures="0" timestamp="26 Jun 2019 12:21:05 GMT" time="255.223" errors="0">
  <testcase name="ButtonRegistrationTest" time="13.535" classname="com.autotesting.framework.suits.IBLoginTest"/>
  <testcase name="WrongImageCodeErrorTextTest" time="16.092" classname="com.autotesting.framework.suits.IBLoginTest"/>
  <testcase name="ValidAuthorizationTest" time="18.657" classname="com.autotesting.framework.suits.IBLoginTest"/>
  <testcase name="WrongLoginAndEmptyPasswordTest" time="13.782" classname="com.autotesting.framework.suits.IBLoginTest"/>
  <testcase name="WrongLoginAndValidPasswordTest" time="16.863" classname="com.autotesting.framework.suits.IBLoginTest"/>
  <testcase name="ValidLoginAndEmptyPasswordTest" time="13.854" classname="com.autotesting.framework.suits.IBLoginTest"/>
  <testcase name="ValidLoginAndWrongPasswordTest" time="20.038" classname="com.autotesting.framework.suits.IBLoginTest"/>
  <testcase name="ButtonLoginTest" time="12.756" classname="com.autotesting.framework.suits.IBLoginTest"/>
  <testcase name="EmptyLoginAndValidPasswordTest" time="14.033" classname="com.autotesting.framework.suits.IBLoginTest"/>
  <testcase name="EmptyLoginAndEmptyPasswordTest" time="13.993" classname="com.autotesting.framework.suits.IBLoginTest"/>
  <testcase name="EmptyLoginAndWrongPasswordTest" time="13.474" classname="com.autotesting.framework.suits.IBLoginTest"/>
  <testcase name="CodeVisibleTest" time="16.673" classname="com.autotesting.framework.suits.IBLoginTest"/>
  <testcase name="ButtonUpdateTest" time="17.250" classname="com.autotesting.framework.suits.IBLoginTest"/>
  <testcase name="WrongLoginAndWrongPasswordTest" time="14.128" classname="com.autotesting.framework.suits.IBLoginTest"/>
  <testcase name="ButtonLoginMSITest" time="13.528" classname="com.autotesting.framework.suits.IBLoginTest"/>
  <testcase name="ButtonRegistrationACPTest" time="13.272" classname="com.autotesting.framework.suits.IBLoginTest"/>
  <testcase name="ButtonForgotPasswordTest" time="13.295" classname="com.autotesting.framework.suits.IBLoginTest"/>
</testsuite> <!-- com.autotesting.framework.suits.IBLoginTest -->
